<?xml version="1.0" encoding="UTF-8"?>
<!-- Generated by org.testng.reporters.JUnitReportReporter -->
<testsuite hostname="JOGM01T0NJ" failures="0" tests="1" name="com.Freshnessnew.HomePageTests.HomePageTest" time="2.232" errors="0" timestamp="2024-12-05T12:49:37 AST" skipped="0">
  <testcase classname="com.Freshnessnew.HomePageTests.HomePageTest" name="createNewProduct" time="2.232"/>
</testsuite> <!-- com.Freshnessnew.HomePageTests.HomePageTest -->
